<?xml version="1.0" encoding="UTF-8"?>
<!-- Generated by org.testng.reporters.JUnitXMLReporter -->
<testsuite ignored="0" hostname="DESKTOP-B8PJ5UK" failures="3" tests="3" name="Test" time="20.679" errors="0" timestamp="2022-04-26T15:32:44 IST">
  <testcase classname="com.w2automation.TestCases.TC01_Registration" name="doRegistration" time="0.174">
    <failure type="java.lang.AssertionError" message="null">
      <![CDATA[java.lang.AssertionError: null
at com.w2automation.pages.RegistrationPage.clickSignIn(RegistrationPage.java:37)
at com.w2automation.TestCases.TC01_Registration.doRegistration(TC01_Registration.java:21)
at java.base/java.util.ArrayList.forEach(ArrayList.java:1511)
... Removed 29 stack frames]]>
    </failure>
  </testcase> <!-- doRegistration -->
  <testcase classname="com.w2automation.TestCases.TC01_Registration" name="doRegistration" time="0.123">
    <failure type="java.lang.AssertionError" message="null">
      <![CDATA[java.lang.AssertionError: null
at com.w2automation.pages.RegistrationPage.clickSignIn(RegistrationPage.java:37)
at com.w2automation.TestCases.TC01_Registration.doRegistration(TC01_Registration.java:21)
at java.base/java.util.ArrayList.forEach(ArrayList.java:1511)
... Removed 29 stack frames]]>
    </failure>
  </testcase> <!-- doRegistration -->
  <testcase classname="com.w2automation.TestCases.TC01_Registration" name="doRegistration" time="0.152">
    <failure type="java.lang.AssertionError" message="null">
      <![CDATA[java.lang.AssertionError: null
at com.w2automation.pages.RegistrationPage.clickSignIn(RegistrationPage.java:37)
at com.w2automation.TestCases.TC01_Registration.doRegistration(TC01_Registration.java:21)
at java.base/java.util.ArrayList.forEach(ArrayList.java:1511)
... Removed 29 stack frames]]>
    </failure>
  </testcase> <!-- doRegistration -->
</testsuite> <!-- Test -->
