<?xml version="1.0" encoding="UTF-8"?>
<testng-results ignored="0" total="4" passed="4" failed="0" skipped="0">
  <reporter-output>
  </reporter-output>
  <suite started-at="2022-04-27T10:21:11 IST" name="Suite" finished-at="2022-04-27T10:22:45 IST" duration-ms="93488">
    <groups>
    </groups>
    <test started-at="2022-04-27T10:21:11 IST" name="Test" finished-at="2022-04-27T10:22:13 IST" duration-ms="61372">
      <class name="com.w2automation.TestCases.TC01_Registration">
        <test-method is-config="true" signature="InitializeBrowser()[pri:0, instance:com.w2automation.TestCases.TC01_Registration@31ea9581]" started-at="2022-04-27T10:21:11 IST" name="InitializeBrowser" finished-at="2022-04-27T10:21:29 IST" duration-ms="18000" status="PASS">
          <reporter-output>
          </reporter-output>
        </test-method> <!-- InitializeBrowser -->
        <test-method signature="doRegistration(java.lang.String,java.lang.String,java.lang.String,java.lang.String,java.lang.String,java.lang.String,java.lang.String,java.lang.String,java.lang.String)[pri:1, instance:com.w2automation.TestCases.TC01_Registration@31ea9581]" started-at="2022-04-27T10:21:30 IST" name="doRegistration" data-provider="dp" finished-at="2022-04-27T10:21:52 IST" duration-ms="21361" status="PASS">
          <params>
            <param index="0">
              <value>
                <![CDATA[t135@yopmail.com]]>
              </value>
            </param>
            <param index="1">
              <value>
                <![CDATA[fname]]>
              </value>
            </param>
            <param index="2">
              <value>
                <![CDATA[lname]]>
              </value>
            </param>
            <param index="3">
              <value>
                <![CDATA[t123456]]>
              </value>
            </param>
            <param index="4">
              <value>
                <![CDATA[Address1,Address2,Address3]]>
              </value>
            </param>
            <param index="5">
              <value>
                <![CDATA[Ahm]]>
              </value>
            </param>
            <param index="6">
              <value>
                <![CDATA[Alabama]]>
              </value>
            </param>
            <param index="7">
              <value>
                <![CDATA[00000]]>
              </value>
            </param>
            <param index="8">
              <value>
                <![CDATA[123456789]]>
              </value>
            </param>
          </params>
          <reporter-output>
          </reporter-output>
        </test-method> <!-- doRegistration -->
        <test-method signature="doRegistration(java.lang.String,java.lang.String,java.lang.String,java.lang.String,java.lang.String,java.lang.String,java.lang.String,java.lang.String,java.lang.String)[pri:1, instance:com.w2automation.TestCases.TC01_Registration@31ea9581]" started-at="2022-04-27T10:21:52 IST" name="doRegistration" data-provider="dp" finished-at="2022-04-27T10:22:12 IST" duration-ms="20525" status="PASS">
          <params>
            <param index="0">
              <value>
                <![CDATA[t136@yopmail.com]]>
              </value>
            </param>
            <param index="1">
              <value>
                <![CDATA[fname]]>
              </value>
            </param>
            <param index="2">
              <value>
                <![CDATA[lname]]>
              </value>
            </param>
            <param index="3">
              <value>
                <![CDATA[t123456]]>
              </value>
            </param>
            <param index="4">
              <value>
                <![CDATA[Address1,Address2,Address3]]>
              </value>
            </param>
            <param index="5">
              <value>
                <![CDATA[Ahm]]>
              </value>
            </param>
            <param index="6">
              <value>
                <![CDATA[Alabama]]>
              </value>
            </param>
            <param index="7">
              <value>
                <![CDATA[00000]]>
              </value>
            </param>
            <param index="8">
              <value>
                <![CDATA[123456789]]>
              </value>
            </param>
          </params>
          <reporter-output>
          </reporter-output>
        </test-method> <!-- doRegistration -->
        <test-method is-config="true" signature="closeBrowser()[pri:0, instance:com.w2automation.TestCases.TC01_Registration@31ea9581]" started-at="2022-04-27T10:22:12 IST" name="closeBrowser" finished-at="2022-04-27T10:22:13 IST" duration-ms="396" status="PASS">
          <reporter-output>
          </reporter-output>
        </test-method> <!-- closeBrowser -->
      </class> <!-- com.w2automation.TestCases.TC01_Registration -->
    </test> <!-- Test -->
    <test started-at="2022-04-27T10:22:13 IST" name="Test2" finished-at="2022-04-27T10:22:45 IST" duration-ms="32067">
      <class name="com.w2automation.TestCases.TC02_Login">
        <test-method is-config="true" signature="InitializeBrowser()[pri:0, instance:com.w2automation.TestCases.TC02_Login@5c80cf32]" started-at="2022-04-27T10:22:13 IST" name="InitializeBrowser" finished-at="2022-04-27T10:22:31 IST" duration-ms="18498" status="PASS">
          <reporter-output>
          </reporter-output>
        </test-method> <!-- InitializeBrowser -->
        <test-method signature="doLogin(java.lang.String,java.lang.String)[pri:2, instance:com.w2automation.TestCases.TC02_Login@5c80cf32]" started-at="2022-04-27T10:22:31 IST" name="doLogin" data-provider="dp" finished-at="2022-04-27T10:22:38 IST" duration-ms="6520" status="PASS">
          <params>
            <param index="0">
              <value>
                <![CDATA[t135@yopmail.com]]>
              </value>
            </param>
            <param index="1">
              <value>
                <![CDATA[t123456]]>
              </value>
            </param>
          </params>
          <reporter-output>
          </reporter-output>
        </test-method> <!-- doLogin -->
        <test-method signature="doLogin(java.lang.String,java.lang.String)[pri:2, instance:com.w2automation.TestCases.TC02_Login@5c80cf32]" started-at="2022-04-27T10:22:38 IST" name="doLogin" data-provider="dp" finished-at="2022-04-27T10:22:45 IST" duration-ms="6758" status="PASS">
          <params>
            <param index="0">
              <value>
                <![CDATA[t136@yopmail.com]]>
              </value>
            </param>
            <param index="1">
              <value>
                <![CDATA[t123456]]>
              </value>
            </param>
          </params>
          <reporter-output>
          </reporter-output>
        </test-method> <!-- doLogin -->
        <test-method is-config="true" signature="closeBrowser()[pri:0, instance:com.w2automation.TestCases.TC02_Login@5c80cf32]" started-at="2022-04-27T10:22:45 IST" name="closeBrowser" finished-at="2022-04-27T10:22:45 IST" duration-ms="250" status="PASS">
          <reporter-output>
          </reporter-output>
        </test-method> <!-- closeBrowser -->
      </class> <!-- com.w2automation.TestCases.TC02_Login -->
    </test> <!-- Test2 -->
  </suite> <!-- Suite -->
</testng-results>
